<?xml version="1.0" encoding="UTF-8"?>
<!-- Generated by org.testng.reporters.JUnitXMLReporter -->
<testsuite ignored="0" hostname="DESKTOP-QJ8EISD" failures="0" tests="4" name="Test" time="0.064" errors="0" timestamp="2024-05-21T11:33:21 IST">
  <testcase classname="Practice.test.check2" name="test02" time="0.013"/>
  <testcase classname="Practice.test.Check1" name="test01" time="0.013"/>
  <testcase classname="Practice.test.Check1" name="test02" time="0.013"/>
  <testcase classname="Practice.test.check2" name="test01" time="0.011"/>
</testsuite> <!-- Test -->
